<?xml version="1.0" encoding="UTF-8"?>
<!-- Generated by org.testng.reporters.JUnitReportReporter -->
<testsuite skipped="0" hostname="Rohits-MacBook-Air.local" name="testngsessions.ExpectedException" tests="1" failures="0" timestamp="2023-04-04T08:18:34 IST" time="0.010" errors="0">
  <testcase name="calTest" time="0.010" classname="testngsessions.ExpectedException"/>
  <system-out/>
</testsuite> <!-- testngsessions.ExpectedException -->
