<?xml version="1.0" encoding="UTF-8"?>
<!-- Generated by org.testng.reporters.JUnitReportReporter -->
<testsuite skipped="0" hostname="Rohits-MacBook-Air.local" name="testngsessions.ApplicationTest" tests="1" failures="0" timestamp="2023-04-18T14:04:36 IST" time="0.011" errors="0">
  <testcase name="cartPageTest" time="0.011" classname="testngsessions.ApplicationTest"/>
  <system-out/>
</testsuite> <!-- testngsessions.ApplicationTest -->
