<?xml version="1.0" encoding="UTF-8"?>
<!-- Generated by org.testng.reporters.JUnitReportReporter -->
<testsuite skipped="0" hostname="Rohits-MacBook-Air.local" name="testngsessions.OpenCartTest" tests="2" failures="0" timestamp="2023-04-04T08:02:19 IST" time="24.475" errors="0">
  <testcase name="titleTest" time="7.600" classname="testngsessions.OpenCartTest"/>
  <system-out/>
  <testcase name="logoTest" time="16.875" classname="testngsessions.OpenCartTest"/>
  <system-out/>
</testsuite> <!-- testngsessions.OpenCartTest -->
